<?xml version="1.0" encoding="UTF-8"?>
<testng-results skipped="0" failed="2" ignored="0" total="8" passed="6">
  <reporter-output>
  </reporter-output>
  <suite name="Suite" duration-ms="159693" started-at="2021-03-30T15:39:49 IST" finished-at="2021-03-30T15:42:28 IST">
    <groups>
    </groups>
    <test name="LoginPage" duration-ms="7837" started-at="2021-03-30T15:39:49 IST" finished-at="2021-03-30T15:39:56 IST">
      <class name="psModule.LoginPageTest">
        <test-method status="PASS" signature="setUp()[pri:0, instance:psModule.LoginPageTest@69453e37]" name="setUp" is-config="true" duration-ms="6766" started-at="2021-03-30T15:39:49 IST" finished-at="2021-03-30T15:39:55 IST">
          <reporter-output>
          </reporter-output>
        </test-method> <!-- setUp -->
        <test-method status="PASS" signature="checkLogin()[pri:0, instance:psModule.LoginPageTest@69453e37]" name="checkLogin" duration-ms="358" started-at="2021-03-30T15:39:55 IST" finished-at="2021-03-30T15:39:56 IST">
          <reporter-output>
          </reporter-output>
        </test-method> <!-- checkLogin -->
        <test-method status="PASS" signature="tearDown()[pri:0, instance:psModule.LoginPageTest@69453e37]" name="tearDown" is-config="true" duration-ms="678" started-at="2021-03-30T15:39:56 IST" finished-at="2021-03-30T15:39:56 IST">
          <reporter-output>
          </reporter-output>
        </test-method> <!-- tearDown -->
      </class> <!-- psModule.LoginPageTest -->
    </test> <!-- LoginPage -->
    <test name="Backend" duration-ms="26652" started-at="2021-03-30T15:39:56 IST" finished-at="2021-03-30T15:40:23 IST">
      <class name="psModule.BackHomePageTest">
        <test-method status="PASS" signature="setUp()[pri:0, instance:psModule.BackHomePageTest@3c0be339]" name="setUp" is-config="true" duration-ms="6675" started-at="2021-03-30T15:39:56 IST" finished-at="2021-03-30T15:40:03 IST">
          <reporter-output>
          </reporter-output>
        </test-method> <!-- setUp -->
        <test-method status="PASS" signature="verifyTabClick()[pri:0, instance:psModule.BackHomePageTest@3c0be339]" name="verifyTabClick" duration-ms="19311" started-at="2021-03-30T15:40:03 IST" finished-at="2021-03-30T15:40:22 IST">
          <reporter-output>
          </reporter-output>
        </test-method> <!-- verifyTabClick -->
        <test-method status="PASS" signature="tearDown()[pri:0, instance:psModule.BackHomePageTest@3c0be339]" name="tearDown" is-config="true" duration-ms="665" started-at="2021-03-30T15:40:22 IST" finished-at="2021-03-30T15:40:23 IST">
          <reporter-output>
          </reporter-output>
        </test-method> <!-- tearDown -->
      </class> <!-- psModule.BackHomePageTest -->
    </test> <!-- Backend -->
    <test name="ConfigPage" duration-ms="54868" started-at="2021-03-30T15:40:23 IST" finished-at="2021-03-30T15:41:18 IST">
      <class name="psModule.ConfigPageTest">
        <test-method status="PASS" signature="setUp()[pri:0, instance:psModule.ConfigPageTest@2898ac89]" name="setUp" is-config="true" duration-ms="26241" started-at="2021-03-30T15:40:23 IST" finished-at="2021-03-30T15:40:49 IST">
          <reporter-output>
          </reporter-output>
        </test-method> <!-- setUp -->
        <test-method status="PASS" signature="verifyConfigPage()[pri:1, instance:psModule.ConfigPageTest@2898ac89]" name="verifyConfigPage" duration-ms="46" started-at="2021-03-30T15:40:49 IST" finished-at="2021-03-30T15:40:49 IST">
          <reporter-output>
          </reporter-output>
        </test-method> <!-- verifyConfigPage -->
        <test-method status="PASS" signature="tearDown()[pri:0, instance:psModule.ConfigPageTest@2898ac89]" name="tearDown" is-config="true" duration-ms="671" started-at="2021-03-30T15:40:49 IST" finished-at="2021-03-30T15:40:50 IST">
          <reporter-output>
          </reporter-output>
        </test-method> <!-- tearDown -->
        <test-method status="PASS" signature="setUp()[pri:0, instance:psModule.ConfigPageTest@2898ac89]" name="setUp" is-config="true" duration-ms="27117" started-at="2021-03-30T15:40:50 IST" finished-at="2021-03-30T15:41:17 IST">
          <reporter-output>
          </reporter-output>
        </test-method> <!-- setUp -->
        <test-method status="PASS" signature="validateGuestLoginBtn()[pri:2, instance:psModule.ConfigPageTest@2898ac89]" name="validateGuestLoginBtn" duration-ms="104" started-at="2021-03-30T15:41:17 IST" finished-at="2021-03-30T15:41:17 IST">
          <reporter-output>
          </reporter-output>
        </test-method> <!-- validateGuestLoginBtn -->
        <test-method status="PASS" signature="tearDown()[pri:0, instance:psModule.ConfigPageTest@2898ac89]" name="tearDown" is-config="true" duration-ms="688" started-at="2021-03-30T15:41:17 IST" finished-at="2021-03-30T15:41:18 IST">
          <reporter-output>
          </reporter-output>
        </test-method> <!-- tearDown -->
      </class> <!-- psModule.ConfigPageTest -->
    </test> <!-- ConfigPage -->
    <test name="Frontend" duration-ms="13490" started-at="2021-03-30T15:41:18 IST" finished-at="2021-03-30T15:41:31 IST">
      <class name="psModule.FrontHomePageTest">
        <test-method status="PASS" signature="setUp()[pri:0, instance:psModule.FrontHomePageTest@6a2b953e]" name="setUp" is-config="true" duration-ms="10060" started-at="2021-03-30T15:41:18 IST" finished-at="2021-03-30T15:41:28 IST">
          <reporter-output>
          </reporter-output>
        </test-method> <!-- setUp -->
        <test-method status="PASS" signature="verifyGuestLoginBtn()[pri:0, instance:psModule.FrontHomePageTest@6a2b953e]" name="verifyGuestLoginBtn" duration-ms="2742" started-at="2021-03-30T15:41:28 IST" finished-at="2021-03-30T15:41:31 IST">
          <reporter-output>
          </reporter-output>
        </test-method> <!-- verifyGuestLoginBtn -->
        <test-method status="PASS" signature="tearDown()[pri:0, instance:psModule.FrontHomePageTest@6a2b953e]" name="tearDown" is-config="true" duration-ms="686" started-at="2021-03-30T15:41:31 IST" finished-at="2021-03-30T15:41:31 IST">
          <reporter-output>
          </reporter-output>
        </test-method> <!-- tearDown -->
      </class> <!-- psModule.FrontHomePageTest -->
    </test> <!-- Frontend -->
    <test name="ProductPage" duration-ms="10049" started-at="2021-03-30T15:41:31 IST" finished-at="2021-03-30T15:41:41 IST">
      <class name="psModule.ProductPageTest">
        <test-method status="PASS" signature="setUp()[pri:0, instance:psModule.ProductPageTest@a1cdc6d]" name="setUp" is-config="true" duration-ms="9233" started-at="2021-03-30T15:41:31 IST" finished-at="2021-03-30T15:41:41 IST">
          <reporter-output>
          </reporter-output>
        </test-method> <!-- setUp -->
        <test-method status="PASS" signature="addProductToCart()[pri:0, instance:psModule.ProductPageTest@a1cdc6d]" name="addProductToCart" duration-ms="150" started-at="2021-03-30T15:41:41 IST" finished-at="2021-03-30T15:41:41 IST">
          <reporter-output>
          </reporter-output>
        </test-method> <!-- addProductToCart -->
        <test-method status="PASS" signature="tearDown()[pri:0, instance:psModule.ProductPageTest@a1cdc6d]" name="tearDown" is-config="true" duration-ms="665" started-at="2021-03-30T15:41:41 IST" finished-at="2021-03-30T15:41:41 IST">
          <reporter-output>
          </reporter-output>
        </test-method> <!-- tearDown -->
      </class> <!-- psModule.ProductPageTest -->
    </test> <!-- ProductPage -->
    <test name="CheckoutPage" duration-ms="46762" started-at="2021-03-30T15:41:41 IST" finished-at="2021-03-30T15:42:28 IST">
      <class name="psModule.CheckoutPageTest">
        <test-method status="PASS" signature="setUp()[pri:0, instance:psModule.CheckoutPageTest@2118cddf]" name="setUp" is-config="true" duration-ms="13149" started-at="2021-03-30T15:41:41 IST" finished-at="2021-03-30T15:41:55 IST">
          <reporter-output>
          </reporter-output>
        </test-method> <!-- setUp -->
        <test-method status="FAIL" signature="verifyCreateAccountBtn()[pri:1, instance:psModule.CheckoutPageTest@2118cddf]" name="verifyCreateAccountBtn" duration-ms="20836" started-at="2021-03-30T15:41:55 IST" finished-at="2021-03-30T15:42:15 IST">
          <exception class="org.openqa.selenium.NoSuchElementException">
            <message>
              <![CDATA[no such element: Unable to locate element: {"method":"css selector","selector":"*[name='address1']"}
  (Session info: chrome=89.0.4389.90)
For documentation on this error, please visit: https://www.seleniumhq.org/exceptions/no_such_element.html
Build info: version: '3.141.59', revision: 'e82be7d358', time: '2018-11-14T08:17:03'
System info: host: 'LAPTOP-N61OB3H5', ip: '192.168.0.102', os.name: 'Windows 10', os.arch: 'amd64', os.version: '10.0', java.version: '1.8.0_231'
Driver info: org.openqa.selenium.chrome.ChromeDriver
Capabilities {acceptInsecureCerts: false, browserName: chrome, browserVersion: 89.0.4389.90, chrome: {chromedriverVersion: 89.0.4389.23 (61b08ee2c5002..., userDataDir: C:\Users\Sakshi\AppData\Loc...}, goog:chromeOptions: {debuggerAddress: localhost:61679}, javascriptEnabled: true, networkConnectionEnabled: false, pageLoadStrategy: normal, platform: WINDOWS, platformName: WINDOWS, proxy: Proxy(), setWindowRect: true, strictFileInteractability: false, timeouts: {implicit: 0, pageLoad: 300000, script: 30000}, unhandledPromptBehavior: dismiss and notify, webauthn:extension:largeBlob: true, webauthn:virtualAuthenticators: true}
Session ID: c8ff09a4f6807bf7e1ac42c838533c5f
*** Element info: {Using=name, value=address1}]]>
            </message>
            <full-stacktrace>
              <![CDATA[org.openqa.selenium.NoSuchElementException: no such element: Unable to locate element: {"method":"css selector","selector":"*[name='address1']"}
  (Session info: chrome=89.0.4389.90)
For documentation on this error, please visit: https://www.seleniumhq.org/exceptions/no_such_element.html
Build info: version: '3.141.59', revision: 'e82be7d358', time: '2018-11-14T08:17:03'
System info: host: 'LAPTOP-N61OB3H5', ip: '192.168.0.102', os.name: 'Windows 10', os.arch: 'amd64', os.version: '10.0', java.version: '1.8.0_231'
Driver info: org.openqa.selenium.chrome.ChromeDriver
Capabilities {acceptInsecureCerts: false, browserName: chrome, browserVersion: 89.0.4389.90, chrome: {chromedriverVersion: 89.0.4389.23 (61b08ee2c5002..., userDataDir: C:\Users\Sakshi\AppData\Loc...}, goog:chromeOptions: {debuggerAddress: localhost:61679}, javascriptEnabled: true, networkConnectionEnabled: false, pageLoadStrategy: normal, platform: WINDOWS, platformName: WINDOWS, proxy: Proxy(), setWindowRect: true, strictFileInteractability: false, timeouts: {implicit: 0, pageLoad: 300000, script: 30000}, unhandledPromptBehavior: dismiss and notify, webauthn:extension:largeBlob: true, webauthn:virtualAuthenticators: true}
Session ID: c8ff09a4f6807bf7e1ac42c838533c5f
*** Element info: {Using=name, value=address1}
at sun.reflect.NativeConstructorAccessorImpl.newInstance0(Native Method)
at sun.reflect.NativeConstructorAccessorImpl.newInstance(NativeConstructorAccessorImpl.java:62)
at sun.reflect.DelegatingConstructorAccessorImpl.newInstance(DelegatingConstructorAccessorImpl.java:45)
at java.lang.reflect.Constructor.newInstance(Constructor.java:423)
at org.openqa.selenium.remote.http.W3CHttpResponseCodec.createException(W3CHttpResponseCodec.java:187)
at org.openqa.selenium.remote.http.W3CHttpResponseCodec.decode(W3CHttpResponseCodec.java:122)
at org.openqa.selenium.remote.http.W3CHttpResponseCodec.decode(W3CHttpResponseCodec.java:49)
at org.openqa.selenium.remote.HttpCommandExecutor.execute(HttpCommandExecutor.java:158)
at org.openqa.selenium.remote.service.DriverCommandExecutor.execute(DriverCommandExecutor.java:83)
at org.openqa.selenium.remote.RemoteWebDriver.execute(RemoteWebDriver.java:552)
at org.openqa.selenium.remote.RemoteWebDriver.findElement(RemoteWebDriver.java:323)
at org.openqa.selenium.remote.RemoteWebDriver.findElementByName(RemoteWebDriver.java:404)
at org.openqa.selenium.By$ByName.findElement(By.java:284)
at org.openqa.selenium.remote.RemoteWebDriver.findElement(RemoteWebDriver.java:315)
at org.openqa.selenium.support.pagefactory.DefaultElementLocator.findElement(DefaultElementLocator.java:69)
at org.openqa.selenium.support.pagefactory.internal.LocatingElementHandler.invoke(LocatingElementHandler.java:38)
at com.sun.proxy.$Proxy24.sendKeys(Unknown Source)
at pages.CheckoutPage.addAddress(CheckoutPage.java:114)
at psModule.CheckoutPageTest.verifyCreateAccountBtn(CheckoutPageTest.java:56)
at sun.reflect.NativeMethodAccessorImpl.invoke0(Native Method)
at sun.reflect.NativeMethodAccessorImpl.invoke(NativeMethodAccessorImpl.java:62)
at sun.reflect.DelegatingMethodAccessorImpl.invoke(DelegatingMethodAccessorImpl.java:43)
at java.lang.reflect.Method.invoke(Method.java:498)
at org.testng.internal.MethodInvocationHelper.invokeMethod(MethodInvocationHelper.java:133)
at org.testng.internal.TestInvoker.invokeMethod(TestInvoker.java:598)
at org.testng.internal.TestInvoker.invokeTestMethod(TestInvoker.java:173)
at org.testng.internal.MethodRunner.runInSequence(MethodRunner.java:46)
at org.testng.internal.TestInvoker$MethodInvocationAgent.invoke(TestInvoker.java:824)
at org.testng.internal.TestInvoker.invokeTestMethods(TestInvoker.java:146)
at org.testng.internal.TestMethodWorker.invokeTestMethods(TestMethodWorker.java:146)
at org.testng.internal.TestMethodWorker.run(TestMethodWorker.java:128)
at java.util.ArrayList.forEach(ArrayList.java:1257)
at org.testng.TestRunner.privateRun(TestRunner.java:794)
at org.testng.TestRunner.run(TestRunner.java:596)
at org.testng.SuiteRunner.runTest(SuiteRunner.java:377)
at org.testng.SuiteRunner.runSequentially(SuiteRunner.java:371)
at org.testng.SuiteRunner.privateRun(SuiteRunner.java:332)
at org.testng.SuiteRunner.run(SuiteRunner.java:276)
at org.testng.SuiteRunnerWorker.runSuite(SuiteRunnerWorker.java:53)
at org.testng.SuiteRunnerWorker.run(SuiteRunnerWorker.java:96)
at org.testng.TestNG.runSuitesSequentially(TestNG.java:1212)
at org.testng.TestNG.runSuitesLocally(TestNG.java:1134)
at org.testng.TestNG.runSuites(TestNG.java:1063)
at org.testng.TestNG.run(TestNG.java:1031)
at org.apache.maven.surefire.testng.TestNGExecutor.run(TestNGExecutor.java:284)
at org.apache.maven.surefire.testng.TestNGXmlTestSuite.execute(TestNGXmlTestSuite.java:75)
at org.apache.maven.surefire.testng.TestNGProvider.invoke(TestNGProvider.java:119)
at org.apache.maven.surefire.booter.ForkedBooter.runSuitesInProcess(ForkedBooter.java:428)
at org.apache.maven.surefire.booter.ForkedBooter.execute(ForkedBooter.java:162)
at org.apache.maven.surefire.booter.ForkedBooter.run(ForkedBooter.java:562)
at org.apache.maven.surefire.booter.ForkedBooter.main(ForkedBooter.java:548)
]]>
            </full-stacktrace>
          </exception> <!-- org.openqa.selenium.NoSuchElementException -->
          <reporter-output>
          </reporter-output>
        </test-method> <!-- verifyCreateAccountBtn -->
        <test-method status="FAIL" signature="verifyMailSentText()[pri:2, instance:psModule.CheckoutPageTest@2118cddf]" name="verifyMailSentText" duration-ms="12073" started-at="2021-03-30T15:42:16 IST" finished-at="2021-03-30T15:42:28 IST">
          <exception class="org.openqa.selenium.NoSuchElementException">
            <message>
              <![CDATA[no such element: Unable to locate element: {"method":"css selector","selector":"div.alert.alert-success"}
  (Session info: chrome=89.0.4389.90)
For documentation on this error, please visit: https://www.seleniumhq.org/exceptions/no_such_element.html
Build info: version: '3.141.59', revision: 'e82be7d358', time: '2018-11-14T08:17:03'
System info: host: 'LAPTOP-N61OB3H5', ip: '192.168.0.102', os.name: 'Windows 10', os.arch: 'amd64', os.version: '10.0', java.version: '1.8.0_231'
Driver info: org.openqa.selenium.chrome.ChromeDriver
Capabilities {acceptInsecureCerts: false, browserName: chrome, browserVersion: 89.0.4389.90, chrome: {chromedriverVersion: 89.0.4389.23 (61b08ee2c5002..., userDataDir: C:\Users\Sakshi\AppData\Loc...}, goog:chromeOptions: {debuggerAddress: localhost:61679}, javascriptEnabled: true, networkConnectionEnabled: false, pageLoadStrategy: normal, platform: WINDOWS, platformName: WINDOWS, proxy: Proxy(), setWindowRect: true, strictFileInteractability: false, timeouts: {implicit: 0, pageLoad: 300000, script: 30000}, unhandledPromptBehavior: dismiss and notify, webauthn:extension:largeBlob: true, webauthn:virtualAuthenticators: true}
Session ID: c8ff09a4f6807bf7e1ac42c838533c5f
*** Element info: {Using=css selector, value=div.alert.alert-success}]]>
            </message>
            <full-stacktrace>
              <![CDATA[org.openqa.selenium.NoSuchElementException: no such element: Unable to locate element: {"method":"css selector","selector":"div.alert.alert-success"}
  (Session info: chrome=89.0.4389.90)
For documentation on this error, please visit: https://www.seleniumhq.org/exceptions/no_such_element.html
Build info: version: '3.141.59', revision: 'e82be7d358', time: '2018-11-14T08:17:03'
System info: host: 'LAPTOP-N61OB3H5', ip: '192.168.0.102', os.name: 'Windows 10', os.arch: 'amd64', os.version: '10.0', java.version: '1.8.0_231'
Driver info: org.openqa.selenium.chrome.ChromeDriver
Capabilities {acceptInsecureCerts: false, browserName: chrome, browserVersion: 89.0.4389.90, chrome: {chromedriverVersion: 89.0.4389.23 (61b08ee2c5002..., userDataDir: C:\Users\Sakshi\AppData\Loc...}, goog:chromeOptions: {debuggerAddress: localhost:61679}, javascriptEnabled: true, networkConnectionEnabled: false, pageLoadStrategy: normal, platform: WINDOWS, platformName: WINDOWS, proxy: Proxy(), setWindowRect: true, strictFileInteractability: false, timeouts: {implicit: 0, pageLoad: 300000, script: 30000}, unhandledPromptBehavior: dismiss and notify, webauthn:extension:largeBlob: true, webauthn:virtualAuthenticators: true}
Session ID: c8ff09a4f6807bf7e1ac42c838533c5f
*** Element info: {Using=css selector, value=div.alert.alert-success}
at sun.reflect.NativeConstructorAccessorImpl.newInstance0(Native Method)
at sun.reflect.NativeConstructorAccessorImpl.newInstance(NativeConstructorAccessorImpl.java:62)
at sun.reflect.DelegatingConstructorAccessorImpl.newInstance(DelegatingConstructorAccessorImpl.java:45)
at java.lang.reflect.Constructor.newInstance(Constructor.java:423)
at org.openqa.selenium.remote.http.W3CHttpResponseCodec.createException(W3CHttpResponseCodec.java:187)
at org.openqa.selenium.remote.http.W3CHttpResponseCodec.decode(W3CHttpResponseCodec.java:122)
at org.openqa.selenium.remote.http.W3CHttpResponseCodec.decode(W3CHttpResponseCodec.java:49)
at org.openqa.selenium.remote.HttpCommandExecutor.execute(HttpCommandExecutor.java:158)
at org.openqa.selenium.remote.service.DriverCommandExecutor.execute(DriverCommandExecutor.java:83)
at org.openqa.selenium.remote.RemoteWebDriver.execute(RemoteWebDriver.java:552)
at org.openqa.selenium.remote.RemoteWebDriver.findElement(RemoteWebDriver.java:323)
at org.openqa.selenium.remote.RemoteWebDriver.findElementByCssSelector(RemoteWebDriver.java:420)
at org.openqa.selenium.By$ByCssSelector.findElement(By.java:431)
at org.openqa.selenium.remote.RemoteWebDriver.findElement(RemoteWebDriver.java:315)
at org.openqa.selenium.support.pagefactory.DefaultElementLocator.findElement(DefaultElementLocator.java:69)
at org.openqa.selenium.support.pagefactory.internal.LocatingElementHandler.invoke(LocatingElementHandler.java:38)
at com.sun.proxy.$Proxy24.getText(Unknown Source)
at pages.CheckoutPage.getMailText(CheckoutPage.java:148)
at psModule.CheckoutPageTest.verifyMailSentText(CheckoutPageTest.java:76)
at sun.reflect.NativeMethodAccessorImpl.invoke0(Native Method)
at sun.reflect.NativeMethodAccessorImpl.invoke(NativeMethodAccessorImpl.java:62)
at sun.reflect.DelegatingMethodAccessorImpl.invoke(DelegatingMethodAccessorImpl.java:43)
at java.lang.reflect.Method.invoke(Method.java:498)
at org.testng.internal.MethodInvocationHelper.invokeMethod(MethodInvocationHelper.java:133)
at org.testng.internal.TestInvoker.invokeMethod(TestInvoker.java:598)
at org.testng.internal.TestInvoker.invokeTestMethod(TestInvoker.java:173)
at org.testng.internal.MethodRunner.runInSequence(MethodRunner.java:46)
at org.testng.internal.TestInvoker$MethodInvocationAgent.invoke(TestInvoker.java:824)
at org.testng.internal.TestInvoker.invokeTestMethods(TestInvoker.java:146)
at org.testng.internal.TestMethodWorker.invokeTestMethods(TestMethodWorker.java:146)
at org.testng.internal.TestMethodWorker.run(TestMethodWorker.java:128)
at java.util.ArrayList.forEach(ArrayList.java:1257)
at org.testng.TestRunner.privateRun(TestRunner.java:794)
at org.testng.TestRunner.run(TestRunner.java:596)
at org.testng.SuiteRunner.runTest(SuiteRunner.java:377)
at org.testng.SuiteRunner.runSequentially(SuiteRunner.java:371)
at org.testng.SuiteRunner.privateRun(SuiteRunner.java:332)
at org.testng.SuiteRunner.run(SuiteRunner.java:276)
at org.testng.SuiteRunnerWorker.runSuite(SuiteRunnerWorker.java:53)
at org.testng.SuiteRunnerWorker.run(SuiteRunnerWorker.java:96)
at org.testng.TestNG.runSuitesSequentially(TestNG.java:1212)
at org.testng.TestNG.runSuitesLocally(TestNG.java:1134)
at org.testng.TestNG.runSuites(TestNG.java:1063)
at org.testng.TestNG.run(TestNG.java:1031)
at org.apache.maven.surefire.testng.TestNGExecutor.run(TestNGExecutor.java:284)
at org.apache.maven.surefire.testng.TestNGXmlTestSuite.execute(TestNGXmlTestSuite.java:75)
at org.apache.maven.surefire.testng.TestNGProvider.invoke(TestNGProvider.java:119)
at org.apache.maven.surefire.booter.ForkedBooter.runSuitesInProcess(ForkedBooter.java:428)
at org.apache.maven.surefire.booter.ForkedBooter.execute(ForkedBooter.java:162)
at org.apache.maven.surefire.booter.ForkedBooter.run(ForkedBooter.java:562)
at org.apache.maven.surefire.booter.ForkedBooter.main(ForkedBooter.java:548)
]]>
            </full-stacktrace>
          </exception> <!-- org.openqa.selenium.NoSuchElementException -->
          <reporter-output>
          </reporter-output>
        </test-method> <!-- verifyMailSentText -->
      </class> <!-- psModule.CheckoutPageTest -->
    </test> <!-- CheckoutPage -->
  </suite> <!-- Suite -->
</testng-results>
